\BOOKMARK [-1][-]{part.1}{\376\377\000I\000\040\000I\000n\000t\000r\000o\000d\000u\000c\000c\000i\000\363\000n}{}% 1
\BOOKMARK [0][-]{chapter.1}{\376\377\000C\000o\000n\000t\000e\000x\000t\000o}{part.1}% 2
\BOOKMARK [1][-]{section.1.1}{\376\377\000E\000l\000\040\000m\000u\000n\000d\000o\000\040\000d\000e\000l\000\040\000X\000\040\000\050\000v\000i\000d\000e\000o\000j\000u\000e\000g\000o\000,\000\040\000e\000-\000c\000o\000m\000m\000e\000r\000c\000e\000,\000.\000.\000.\000\051}{chapter.1}% 3
\BOOKMARK [1][-]{section.1.2}{\376\377\000S\000u\000b\000c\000o\000n\000t\000e\000x\000t\000o}{chapter.1}% 4
\BOOKMARK [1][-]{section.1.3}{\376\377\000S\000u\000b\000s\000u\000b\000c\000o\000n\000t\000e\000x\000t\000o}{chapter.1}% 5
\BOOKMARK [1][-]{section.1.4}{\376\377\000E\000s\000t\000a\000d\000o\000\040\000d\000e\000l\000\040\000a\000r\000t\000e}{chapter.1}% 6
\BOOKMARK [0][-]{chapter.2}{\376\377\000C\000o\000n\000t\000e\000x\000t\000o}{part.1}% 7
\BOOKMARK [1][-]{section.2.1}{\376\377\000M\000o\000t\000i\000v\000a\000c\000i\000\363\000n}{chapter.2}% 8
\BOOKMARK [1][-]{section.2.2}{\376\377\000L\000i\000s\000t\000a\000d\000o\000\040\000d\000e\000\040\000o\000b\000j\000e\000t\000i\000v\000o\000s}{chapter.2}% 9
\BOOKMARK [-1][-]{part.2}{\376\377\000I\000I\000\040\000O\000r\000g\000a\000n\000i\000z\000a\000c\000i\000\363\000n\000\040\000d\000e\000l\000\040\000p\000r\000o\000y\000e\000c\000t\000o}{}% 10
\BOOKMARK [0][-]{chapter.3}{\376\377\000M\000e\000t\000o\000d\000o\000l\000o\000g\000\355\000a}{part.2}% 11
\BOOKMARK [1][-]{section.3.1}{\376\377\000E\000s\000t\000r\000u\000c\000t\000u\000r\000a\000\040\000o\000r\000g\000a\000n\000i\000z\000a\000c\000i\000o\000n\000a\000l\000\040\000d\000e\000l\000\040\000p\000r\000o\000y\000e\000c\000t\000o}{chapter.3}% 12
\BOOKMARK [1][-]{section.3.2}{\376\377\000M\000e\000t\000o\000d\000o\000l\000o\000g\000\355\000a\000\040\000d\000e\000\040\000d\000e\000s\000a\000r\000r\000o\000l\000l\000o}{chapter.3}% 13
\BOOKMARK [1][-]{section.3.3}{\376\377\000D\000e\000s\000c\000r\000i\000p\000c\000i\000\363\000n\000\040\000d\000e\000t\000a\000l\000l\000a\000d\000a}{chapter.3}% 14
\BOOKMARK [0][-]{chapter.4}{\376\377\000P\000l\000a\000n\000i\000f\000i\000c\000a\000c\000i\000\363\000n}{part.2}% 15
\BOOKMARK [1][-]{section.4.1}{\376\377\000R\000e\000s\000u\000m\000e\000n\000\040\000t\000e\000m\000p\000o\000r\000a\000l\000\040\000d\000e\000l\000\040\000p\000r\000o\000y\000e\000c\000t\000o}{chapter.4}% 16
\BOOKMARK [1][-]{section.4.2}{\376\377\000P\000l\000a\000n\000i\000f\000i\000c\000a\000c\000i\000\363\000n\000\040\000i\000n\000i\000c\000i\000a\000l}{chapter.4}% 17
\BOOKMARK [1][-]{section.4.3}{\376\377\000I\000n\000f\000o\000r\000m\000e\000\040\000d\000e\000\040\000t\000i\000e\000m\000p\000o\000s\000\040\000d\000e\000l\000\040\000p\000r\000o\000y\000e\000c\000t\000o}{chapter.4}% 18
\BOOKMARK [0][-]{chapter.5}{\376\377\000C\000o\000s\000t\000e\000s}{part.2}% 19
\BOOKMARK [1][-]{section.5.1}{\376\377\000R\000e\000s\000u\000m\000e\000n\000\040\000d\000e\000\040\000c\000o\000s\000t\000e\000s\000\040\000d\000e\000l\000\040\000p\000r\000o\000y\000e\000c\000t\000o}{chapter.5}% 20
\BOOKMARK [1][-]{section.5.2}{\376\377\000C\000o\000s\000t\000e\000s\000\040\000d\000e\000\040\000p\000e\000r\000s\000o\000n\000a\000l}{chapter.5}% 21
\BOOKMARK [1][-]{section.5.3}{\376\377\000C\000o\000s\000t\000e\000s\000\040\000m\000a\000t\000e\000r\000i\000a\000l\000e\000s}{chapter.5}% 22
\BOOKMARK [1][-]{section.5.4}{\376\377\000C\000o\000s\000t\000e\000s\000\040\000i\000n\000d\000i\000r\000e\000c\000t\000o\000s}{chapter.5}% 23
\BOOKMARK [-1][-]{part.3}{\376\377\000I\000I\000I\000\040\000D\000e\000s\000a\000r\000r\000o\000l\000l\000o\000\040\000d\000e\000l\000\040\000p\000r\000o\000y\000e\000c\000t\000o}{}% 24
\BOOKMARK [0][-]{chapter.6}{\376\377\000A\000r\000r\000a\000n\000q\000u\000e}{part.3}% 25
\BOOKMARK [1][-]{section.6.1}{\376\377\000L\000i\000s\000t\000a\000\040\000d\000e\000\040\000c\000a\000r\000a\000c\000t\000e\000r\000\355\000s\000t\000i\000c\000a\000s}{chapter.6}% 26
\BOOKMARK [1][-]{section.6.2}{\376\377\000D\000i\000s\000e\000\361\000o\000\040\000a\000r\000q\000u\000i\000t\000e\000c\000t\000\363\000n\000i\000c\000o}{chapter.6}% 27
\BOOKMARK [0][-]{chapter.7}{\376\377\000C\000o\000s\000t\000e\000s}{part.3}% 28
\BOOKMARK [1][-]{section.7.1}{\376\377\000C\000a\000r\000a\000c\000t\000e\000r\000\355\000s\000t\000i\000c\000a\000s\000\040\000a\000\040\000d\000e\000s\000a\000r\000r\000o\000l\000l\000a\000r}{chapter.7}% 29
\BOOKMARK [1][-]{section.7.2}{\376\377\000D\000i\000s\000e\000\361\000o}{chapter.7}% 30
\BOOKMARK [1][-]{section.7.3}{\376\377\000I\000m\000p\000l\000e\000m\000e\000n\000t\000a\000c\000i\000\363\000n}{chapter.7}% 31
\BOOKMARK [1][-]{section.7.4}{\376\377\000P\000r\000u\000e\000b\000a\000s}{chapter.7}% 32
\BOOKMARK [1][-]{section.7.5}{\376\377\000D\000e\000s\000p\000l\000i\000e\000g\000u\000e}{chapter.7}% 33
\BOOKMARK [-1][-]{part.4}{\376\377\000I\000V\000\040\000C\000i\000e\000r\000r\000e\000\040\000d\000e\000l\000\040\000p\000r\000o\000y\000e\000c\000t\000o}{}% 34
\BOOKMARK [0][-]{chapter.8}{\376\377\000M\000a\000n\000u\000a\000l\000\040\000d\000e\000\040\000u\000s\000u\000a\000r\000i\000o}{part.4}% 35
\BOOKMARK [1][-]{section.8.1}{\376\377\000S\000e\000c\000c\000i\000\363\000n\000\040\000l\000i\000b\000r\000e}{chapter.8}% 36
\BOOKMARK [0][-]{chapter.9}{\376\377\000C\000o\000n\000c\000l\000u\000s\000i\000o\000n\000e\000s}{part.4}% 37
\BOOKMARK [1][-]{section.9.1}{\376\377\000I\000n\000f\000o\000r\000m\000e\000\040\000p\000o\000s\000t\000-\000m\000o\000r\000t\000e\000m}{chapter.9}% 38
\BOOKMARK [2][-]{subsection.9.1.1}{\376\377\000L\000o\000\040\000q\000u\000e\000\040\000h\000a\000\040\000i\000d\000o\000\040\000b\000i\000e\000n}{section.9.1}% 39
\BOOKMARK [2][-]{subsection.9.1.2}{\376\377\000L\000o\000\040\000q\000u\000e\000\040\000h\000a\000\040\000i\000d\000o\000\040\000m\000a\000l}{section.9.1}% 40
\BOOKMARK [2][-]{subsection.9.1.3}{\376\377\000D\000i\000s\000c\000u\000s\000i\000\363\000n}{section.9.1}% 41
\BOOKMARK [1][-]{section.9.2}{\376\377\000T\000r\000a\000b\000a\000j\000o\000s\000\040\000f\000u\000t\000u\000r\000o\000s}{chapter.9}% 42
\BOOKMARK [-1][-]{part.5}{\376\377\000V\000\040\000A\000p\000p\000e\000n\000d\000i\000c\000e\000s}{}% 43
\BOOKMARK [0][-]{appendix.Alph1}{\376\377\000S\000o\000f\000t\000w\000a\000r\000e\000\040\000P\000r\000o\000d\000u\000c\000t\000\040\000L\000i\000n\000e\000s}{part.5}% 44
\BOOKMARK [1][-]{section.Alph1.1}{\376\377\000S\000o\000f\000t\000w\000a\000r\000e\000\040\000P\000r\000o\000d\000u\000c\000t\000\040\000L\000i\000n\000e\000s}{appendix.Alph1}% 45
\BOOKMARK [1][-]{section.Alph1.2}{\376\377\000F\000e\000a\000t\000u\000r\000e\000\040\000M\000o\000d\000e\000l\000s}{appendix.Alph1}% 46
\BOOKMARK [1][-]{section.Alph1.3}{\376\377\000A\000u\000t\000o\000m\000a\000t\000e\000d\000\040\000A\000n\000a\000l\000y\000s\000i\000s\000\040\000o\000f\000\040\000F\000e\000a\000t\000u\000r\000e\000\040\000M\000o\000d\000e\000l\000s}{appendix.Alph1}% 47
\BOOKMARK [2][-]{subsection.Alph1.3.1}{\376\377\000S\000c\000o\000p\000e}{section.Alph1.3}% 48
\BOOKMARK [1][-]{section.Alph1.4}{\376\377\000D\000y\000n\000a\000m\000i\000c\000\040\000S\000o\000f\000t\000w\000a\000r\000e\000\040\000P\000r\000o\000d\000u\000c\000t\000\040\000L\000i\000n\000e\000s\000\040\000\050\000D\000S\000P\000L\000\051}{appendix.Alph1}% 49
\BOOKMARK [1][-]{section.Alph1.5}{\376\377\000H\000y\000p\000o\000t\000h\000e\000s\000i\000s\000\040\000a\000n\000d\000\040\000O\000b\000j\000e\000c\000t\000i\000v\000e\000s}{appendix.Alph1}% 50
\BOOKMARK [0][-]{table.Alph1.1}{\376\377\000R\000e\000f\000e\000r\000e\000n\000c\000i\000a\000s\000\040\000b\000i\000b\000l\000i\000o\000g\000r\000\341\000f\000i\000c\000a\000s}{part.5}% 51
